<?xml version="1.0" encoding="UTF-8"?><testsuites failures="9" name="dependency-check" tests="39"><testsuite failures="0" errors="0" time="0" id="0" name="/src/assets/vendor/chart.js/Chart.bundle.js" package="Chart.bundle.js" skipped="0" tests="1" timestamp="2025-11-20T08:54:36.643795091"><testcase classname="dependency-check" name="Chart.bundle.js"/></testsuite><testsuite failures="2" errors="0" time="0" id="1" name="/src/assets/vendor/chart.js/Chart.bundle.min.js" package="Chart.bundle.min.js" skipped="0" tests="2" timestamp="2025-11-20T08:54:36.643795091"><testcase classname="CVE-2022-24785" name="pkg:javascript/moment.js@2.24.0"><failure message="cvssV3: HIGH, score: 7.5 (CVSS:3.1/AV:N/AC:L/PR:N/UI:N/S:U/C:N/I:H/A:N/E:3.9/RC:R/MAV:A)"/><system-out>Moment.js is a JavaScript date library for parsing, validating, manipulating, and formatting dates. A path traversal vulnerability impacts npm (server) users of Moment.js between versions 1.0.1 and 2.29.1, especially if a user-provided locale string is directly used to switch moment locale. This problem is patched in 2.29.2, and the patch can be applied to all affected versions. As a workaround, sanitize the user-provided locale name before passing it to Moment.js.</system-out><system-err>location: /src/assets/vendor/chart.js/Chart.bundle.min.js, project-references: [  ]</system-err></testcase><testcase classname="CVE-2022-31129" name="pkg:javascript/moment.js@2.24.0"><failure message="cvssV3: HIGH, score: 7.5 (CVSS:3.1/AV:N/AC:L/PR:N/UI:N/S:U/C:N/I:N/A:H/E:3.9/RC:R/MAV:A)"/><system-out>moment is a JavaScript date library for parsing, validating, manipulating, and formatting dates. Affected versions of moment were found to use an inefficient parsing algorithm. Specifically using string-to-date parsing in moment (more specifically rfc2822 parsing, which is tried by default) has quadratic (N^2) complexity on specific inputs. Users may notice a noticeable slowdown is observed with inputs above 10k characters. Users who pass user-provided strings without sanity length checks to moment constructor are vulnerable to (Re)DoS attacks. The problem is patched in 2.29.4, the patch can be applied to all affected versions with minimal tweaking. Users are advised to upgrade. Users unable to upgrade should consider limiting date lengths accepted from user input.</system-out><system-err>location: /src/assets/vendor/chart.js/Chart.bundle.min.js, project-references: [  ]</system-err></testcase></testsuite><testsuite failures="0" errors="0" time="0" id="2" name="/src/assets/vendor/chart.js/Chart.js" package="Chart.js" skipped="0" tests="1" timestamp="2025-11-20T08:54:36.643795091"><testcase classname="dependency-check" name="Chart.js"/></testsuite><testsuite failures="0" errors="0" time="0" id="3" name="/src/assets/vendor/chart.js/Chart.min.js" package="Chart.min.js" skipped="0" tests="1" timestamp="2025-11-20T08:54:36.643795091"><testcase classname="dependency-check" name="Chart.min.js"/></testsuite><testsuite failures="0" errors="0" time="0" id="4" name="/src/assets/vendor/fontawesome-free/js/all.js" package="all.js" skipped="0" tests="1" timestamp="2025-11-20T08:54:36.643795091"><testcase classname="dependency-check" name="all.js"/></testsuite><testsuite failures="0" errors="0" time="0" id="5" name="/src/assets/vendor/fontawesome-free/js/all.min.js" package="all.min.js" skipped="0" tests="1" timestamp="2025-11-20T08:54:36.643795091"><testcase classname="dependency-check" name="all.min.js"/></testsuite><testsuite failures="0" errors="0" time="0" id="6" name="/src/assets/vendor/fontawesome-free/attribution.js" package="attribution.js" skipped="0" tests="1" timestamp="2025-11-20T08:54:36.643795091"><testcase classname="dependency-check" name="attribution.js"/></testsuite><testsuite failures="0" errors="0" time="0" id="7" name="/src/assets/vendor/bootstrap/js/bootstrap.bundle.js" package="bootstrap.bundle.js" skipped="0" tests="1" timestamp="2025-11-20T08:54:36.643795091"><testcase classname="dependency-check" name="bootstrap.bundle.js"/></testsuite><testsuite failures="0" errors="0" time="0" id="8" name="/src/assets/vendor/bootstrap/js/bootstrap.bundle.min.js" package="bootstrap.bundle.min.js" skipped="0" tests="1" timestamp="2025-11-20T08:54:36.643795091"><testcase classname="dependency-check" name="bootstrap.bundle.min.js"/></testsuite><testsuite failures="0" errors="0" time="0" id="9" name="/src/assets/vendor/bootstrap/js/bootstrap.js" package="bootstrap.js" skipped="0" tests="1" timestamp="2025-11-20T08:54:36.643795091"><testcase classname="dependency-check" name="bootstrap.js"/></testsuite><testsuite failures="0" errors="0" time="0" id="10" name="/src/assets/vendor/bootstrap/js/bootstrap.min.js" package="bootstrap.min.js" skipped="0" tests="1" timestamp="2025-11-20T08:54:36.643795091"><testcase classname="dependency-check" name="bootstrap.min.js"/></testsuite><testsuite failures="0" errors="0" time="0" id="11" name="/src/assets/vendor/fontawesome-free/js/brands.js" package="brands.js" skipped="0" tests="1" timestamp="2025-11-20T08:54:36.643795091"><testcase classname="dependency-check" name="brands.js"/></testsuite><testsuite failures="0" errors="0" time="0" id="12" name="/src/assets/vendor/fontawesome-free/js/brands.min.js" package="brands.min.js" skipped="0" tests="1" timestamp="2025-11-20T08:54:36.643795091"><testcase classname="dependency-check" name="brands.min.js"/></testsuite><testsuite failures="0" errors="0" time="0" id="13" name="/src/assets/js/demo/chart-area-demo.js" package="chart-area-demo.js" skipped="0" tests="1" timestamp="2025-11-20T08:54:36.643795091"><testcase classname="dependency-check" name="chart-area-demo.js"/></testsuite><testsuite failures="0" errors="0" time="0" id="14" name="/src/assets/js/demo/chart-bar-demo.js" package="chart-bar-demo.js" skipped="0" tests="1" timestamp="2025-11-20T08:54:36.643795091"><testcase classname="dependency-check" name="chart-bar-demo.js"/></testsuite><testsuite failures="0" errors="0" time="0" id="15" name="/src/assets/js/demo/chart-pie-demo.js" package="chart-pie-demo.js" skipped="0" tests="1" timestamp="2025-11-20T08:54:36.643795091"><testcase classname="dependency-check" name="chart-pie-demo.js"/></testsuite><testsuite failures="0" errors="0" time="0" id="16" name="/src/assets/vendor/fontawesome-free/js/conflict-detection.js" package="conflict-detection.js" skipped="0" tests="1" timestamp="2025-11-20T08:54:36.643795091"><testcase classname="dependency-check" name="conflict-detection.js"/></testsuite><testsuite failures="0" errors="0" time="0" id="17" name="/src/assets/vendor/fontawesome-free/js/conflict-detection.min.js" package="conflict-detection.min.js" skipped="0" tests="1" timestamp="2025-11-20T08:54:36.643795091"><testcase classname="dependency-check" name="conflict-detection.min.js"/></testsuite><testsuite failures="0" errors="0" time="0" id="18" name="/src/assets/vendor/datatables/dataTables.bootstrap4.js" package="dataTables.bootstrap4.js" skipped="0" tests="1" timestamp="2025-11-20T08:54:36.643795091"><testcase classname="dependency-check" name="dataTables.bootstrap4.js"/></testsuite><testsuite failures="0" errors="0" time="0" id="19" name="/src/assets/vendor/datatables/dataTables.bootstrap4.min.js" package="dataTables.bootstrap4.min.js" skipped="0" tests="1" timestamp="2025-11-20T08:54:36.643795091"><testcase classname="dependency-check" name="dataTables.bootstrap4.min.js"/></testsuite><testsuite failures="0" errors="0" time="0" id="20" name="/src/assets/js/demo/datatables-demo.js" package="datatables-demo.js" skipped="0" tests="1" timestamp="2025-11-20T08:54:36.643795091"><testcase classname="dependency-check" name="datatables-demo.js"/></testsuite><testsuite failures="0" errors="0" time="0" id="21" name="/src/assets/vendor/fontawesome-free/js/fontawesome.js" package="fontawesome.js" skipped="0" tests="1" timestamp="2025-11-20T08:54:36.643795091"><testcase classname="dependency-check" name="fontawesome.js"/></testsuite><testsuite failures="0" errors="0" time="0" id="22" name="/src/assets/vendor/fontawesome-free/js/fontawesome.min.js" package="fontawesome.min.js" skipped="0" tests="1" timestamp="2025-11-20T08:54:36.643795091"><testcase classname="dependency-check" name="fontawesome.min.js"/></testsuite><testsuite failures="3" errors="0" time="0" id="23" name="/src/assets/js/jquery-git.js" package="jquery-git.js" skipped="0" tests="3" timestamp="2025-11-20T08:54:36.643795091"><testcase classname="CVE-2019-11358" name="pkg:javascript/jquery@3.3.2-pre"><failure message="cvssV3: MEDIUM, score: 6.1 (CVSS:3.1/AV:N/AC:L/PR:N/UI:R/S:C/C:L/I:L/A:N/E:2.8/RC:R/MAV:A)"/><system-out>jQuery before 3.4.0, as used in Drupal, Backdrop CMS, and other products, mishandles jQuery.extend(true, {}, ...) because of Object.prototype pollution. If an unsanitized source object contained an enumerable __proto__ property, it could extend the native Object.prototype.</system-out><system-err>location: /src/assets/js/jquery-git.js, project-references: [  ]</system-err></testcase><testcase classname="CVE-2020-11022" name="pkg:javascript/jquery@3.3.2-pre"><failure message="cvssV3: MEDIUM, score: 6.1 (CVSS:3.1/AV:N/AC:L/PR:N/UI:R/S:C/C:L/I:L/A:N/E:2.8/RC:R/MAV:A)"/><system-out>In jQuery versions greater than or equal to 1.2 and before 3.5.0, passing HTML from untrusted sources - even after sanitizing it - to one of jQuery&apos;s DOM manipulation methods (i.e. .html(), .append(), and others) may execute untrusted code. This problem is patched in jQuery 3.5.0.</system-out><system-err>location: /src/assets/js/jquery-git.js, project-references: [  ]</system-err></testcase><testcase classname="CVE-2020-11023" name="pkg:javascript/jquery@3.3.2-pre"><failure message="cvssV3: MEDIUM, score: 6.1 (CVSS:3.1/AV:N/AC:L/PR:N/UI:R/S:C/C:L/I:L/A:N/E:2.8/RC:R/MAV:A)"/><system-out>In jQuery versions greater than or equal to 1.0.3 and before 3.5.0, passing HTML containing &lt;option&gt; elements from untrusted sources - even after sanitizing it - to one of jQuery&apos;s DOM manipulation methods (i.e. .html(), .append(), and others) may execute untrusted code. This problem is patched in jQuery 3.5.0.</system-out><system-err>location: /src/assets/js/jquery-git.js, project-references: [  ]</system-err></testcase></testsuite><testsuite failures="2" errors="0" time="0" id="24" name="/src/assets/vendor/datatables/jquery.dataTables.js" package="jquery.dataTables.js" skipped="0" tests="2" timestamp="2025-11-20T08:54:36.643795091"><testcase classname="CVE-2021-23445" name="pkg:javascript/jquery.datatables@1.10.24"><failure message="cvssV3: MEDIUM, score: 6.1 (CVSS:3.1/AV:N/AC:L/PR:N/UI:R/S:C/C:L/I:L/A:N/E:2.8/RC:R/MAV:A)"/><system-out>This affects the package datatables.net before 1.11.3. If an array is passed to the HTML escape entities function it would not have its contents escaped.</system-out><system-err>location: /src/assets/vendor/datatables/jquery.dataTables.js, project-references: [  ]</system-err></testcase><testcase classname="possible XSS" name="pkg:javascript/jquery.datatables@1.10.24"><failure message="unscored severity: low"/><system-out>possible XSS</system-out><system-err>location: /src/assets/vendor/datatables/jquery.dataTables.js, project-references: [  ]</system-err></testcase></testsuite><testsuite failures="2" errors="0" time="0" id="25" name="/src/assets/vendor/datatables/jquery.dataTables.min.js" package="jquery.dataTables.min.js" skipped="0" tests="2" timestamp="2025-11-20T08:54:36.643795091"><testcase classname="CVE-2021-23445" name="pkg:javascript/jquery.datatables@1.10.24"><failure message="cvssV3: MEDIUM, score: 6.1 (CVSS:3.1/AV:N/AC:L/PR:N/UI:R/S:C/C:L/I:L/A:N/E:2.8/RC:R/MAV:A)"/><system-out>This affects the package datatables.net before 1.11.3. If an array is passed to the HTML escape entities function it would not have its contents escaped.</system-out><system-err>location: /src/assets/vendor/datatables/jquery.dataTables.min.js, project-references: [  ]</system-err></testcase><testcase classname="possible XSS" name="pkg:javascript/jquery.datatables@1.10.24"><failure message="unscored severity: low"/><system-out>possible XSS</system-out><system-err>location: /src/assets/vendor/datatables/jquery.dataTables.min.js, project-references: [  ]</system-err></testcase></testsuite><testsuite failures="0" errors="0" time="0" id="26" name="/src/assets/vendor/jquery-easing/jquery.easing.compatibility.js" package="jquery.easing.compatibility.js" skipped="0" tests="1" timestamp="2025-11-20T08:54:36.643795091"><testcase classname="dependency-check" name="jquery.easing.compatibility.js"/></testsuite><testsuite failures="0" errors="0" time="0" id="27" name="/src/assets/vendor/jquery-easing/jquery.easing.js" package="jquery.easing.js" skipped="0" tests="1" timestamp="2025-11-20T08:54:36.643795091"><testcase classname="dependency-check" name="jquery.easing.js"/></testsuite><testsuite failures="0" errors="0" time="0" id="28" name="/src/assets/vendor/jquery-easing/jquery.easing.min.js" package="jquery.easing.min.js" skipped="0" tests="1" timestamp="2025-11-20T08:54:36.643795091"><testcase classname="dependency-check" name="jquery.easing.min.js"/></testsuite><testsuite failures="0" errors="0" time="0" id="29" name="/src/assets/vendor/jquery/jquery.js" package="jquery.js" skipped="0" tests="1" timestamp="2025-11-20T08:54:36.643795091"><testcase classname="dependency-check" name="jquery.js"/></testsuite><testsuite failures="0" errors="0" time="0" id="30" name="/src/assets/vendor/jquery/jquery.min.js" package="jquery.min.js" skipped="0" tests="1" timestamp="2025-11-20T08:54:36.643795091"><testcase classname="dependency-check" name="jquery.min.js"/></testsuite><testsuite failures="0" errors="0" time="0" id="31" name="/src/assets/vendor/jquery/jquery.slim.js" package="jquery.slim.js" skipped="0" tests="1" timestamp="2025-11-20T08:54:36.643795091"><testcase classname="dependency-check" name="jquery.slim.js"/></testsuite><testsuite failures="0" errors="0" time="0" id="32" name="/src/assets/vendor/jquery/jquery.slim.min.js" package="jquery.slim.min.js" skipped="0" tests="1" timestamp="2025-11-20T08:54:36.643795091"><testcase classname="dependency-check" name="jquery.slim.min.js"/></testsuite><testsuite failures="0" errors="0" time="0" id="33" name="/src/assets/vendor/fontawesome-free/package.json" package="package.json" skipped="0" tests="1" timestamp="2025-11-20T08:54:36.643795091"><testcase classname="dependency-check" name="package.json"/></testsuite><testsuite failures="0" errors="0" time="0" id="34" name="/src/assets/vendor/fontawesome-free/js/regular.js" package="regular.js" skipped="0" tests="1" timestamp="2025-11-20T08:54:36.643795091"><testcase classname="dependency-check" name="regular.js"/></testsuite><testsuite failures="0" errors="0" time="0" id="35" name="/src/assets/vendor/fontawesome-free/js/regular.min.js" package="regular.min.js" skipped="0" tests="1" timestamp="2025-11-20T08:54:36.643795091"><testcase classname="dependency-check" name="regular.min.js"/></testsuite><testsuite failures="0" errors="0" time="0" id="36" name="/src/assets/js/responsivevoice.js" package="responsivevoice.js" skipped="0" tests="1" timestamp="2025-11-20T08:54:36.643795091"><testcase classname="dependency-check" name="responsivevoice.js"/></testsuite><testsuite failures="0" errors="0" time="0" id="37" name="/src/assets/js/sb-admin-2.js" package="sb-admin-2.js" skipped="0" tests="1" timestamp="2025-11-20T08:54:36.643795091"><testcase classname="dependency-check" name="sb-admin-2.js"/></testsuite><testsuite failures="0" errors="0" time="0" id="38" name="/src/assets/js/sb-admin-2.min.js" package="sb-admin-2.min.js" skipped="0" tests="1" timestamp="2025-11-20T08:54:36.643795091"><testcase classname="dependency-check" name="sb-admin-2.min.js"/></testsuite><testsuite failures="0" errors="0" time="0" id="39" name="/src/assets/vendor/fontawesome-free/js/solid.js" package="solid.js" skipped="0" tests="1" timestamp="2025-11-20T08:54:36.643795091"><testcase classname="dependency-check" name="solid.js"/></testsuite><testsuite failures="0" errors="0" time="0" id="40" name="/src/assets/vendor/fontawesome-free/js/solid.min.js" package="solid.min.js" skipped="0" tests="1" timestamp="2025-11-20T08:54:36.643795091"><testcase classname="dependency-check" name="solid.min.js"/></testsuite><testsuite failures="0" errors="0" time="0" id="41" name="/src/assets/vendor/fontawesome-free/js/v4-shims.js" package="v4-shims.js" skipped="0" tests="1" timestamp="2025-11-20T08:54:36.643795091"><testcase classname="dependency-check" name="v4-shims.js"/></testsuite><testsuite failures="0" errors="0" time="0" id="42" name="/src/assets/vendor/fontawesome-free/js/v4-shims.min.js" package="v4-shims.min.js" skipped="0" tests="1" timestamp="2025-11-20T08:54:36.643795091"><testcase classname="dependency-check" name="v4-shims.min.js"/></testsuite></testsuites>